#===============================================================================
# Copyright 2003-2020 Intel Corporation.
#
# This software and the related documents are Intel copyrighted  materials,  and
# your use of  them is  governed by the  express license  under which  they were
# provided to you (License).  Unless the License provides otherwise, you may not
# use, modify, copy, publish, distribute,  disclose or transmit this software or
# the related documents without Intel's prior written permission.
#
# This software and the related documents  are provided as  is,  with no express
# or implied  warranties,  other  than those  that are  expressly stated  in the
# License.
#===============================================================================

LAPACK = cgeev \
         cgels \
         cgelsd \
         cgesdd \
         cgesv \
         cgesvd \
         cheev \
         cheevd \
         cheevr \
         cheevx \
         chesv \
         cposv \
         csysv \
         dgeev \
         dgels \
         dgelsd \
         dgesdd \
         dgesv \
         dgesvd \
         dposv \
         dsyev \
         dsyevd \
         dsyevr \
         dsyevx \
         dsysv \
         sgeev \
         sgels \
         sgelsd \
         sgesdd \
         sgesv \
         sgesvd \
         sposv \
         ssyev \
         ssyevd \
         ssyevr \
         ssyevx \
         ssysv \
         zgeev \
         zgels \
         zgelsd \
         zgesdd \
         zgesv \
         zgesvd \
         zheev \
         zheevd \
         zheevr \
         zheevx \
         zhesv \
         zposv \
         zsysv \
         mkl_cgeqrf_compact \
         mkl_cgetrfnp_compact \
         mkl_cgetrinp_compact \
         mkl_cpotrf_compact \
         mkl_dgeqrf_compact \
         mkl_dgetrfnp_compact \
         mkl_dgetrinp_compact \
         mkl_dpotrf_compact \
         mkl_sgeqrf_compact \
         mkl_sgetrfnp_compact \
         mkl_sgetrinp_compact \
         mkl_spotrf_compact \
         mkl_zgeqrf_compact \
         mkl_zgetrfnp_compact \
         mkl_zgetrinp_compact \
         mkl_zpotrf_compact \

