#===============================================================================
# Copyright 2003-2020 Intel Corporation.
#
# This software and the related documents are Intel copyrighted  materials,  and
# your use of  them is  governed by the  express license  under which  they were
# provided to you (License).  Unless the License provides otherwise, you may not
# use, modify, copy, publish, distribute,  disclose or transmit this software or
# the related documents without Intel's prior written permission.
#
# This software and the related documents  are provided as  is,  with no express
# or implied  warranties,  other  than those  that are  expressly stated  in the
# License.
#===============================================================================

DFT = \
basic_dp_complex_dft_1d \
basic_dp_complex_dft_2d \
basic_dp_complex_dft_3d \
basic_dp_real_dft_1d \
basic_dp_real_dft_2d \
basic_dp_real_dft_3d \
basic_sp_complex_dft_1d \
basic_sp_complex_dft_2d \
basic_sp_complex_dft_3d \
basic_sp_real_dft_1d \
basic_sp_real_dft_2d \
basic_sp_real_dft_3d \
config_complex_storage \
config_dump_descriptor \
config_number_of_transforms \
config_number_of_user_threads \
config_placement \
config_scale \
config_thread_limit \
copy_descriptor \
error_processing
