#===============================================================================
# Copyright 2006-2020 Intel Corporation.
#
# This software and the related documents are Intel copyrighted  materials,  and
# your use of  them is  governed by the  express license  under which  they were
# provided to you (License).  Unless the License provides otherwise, you may not
# use, modify, copy, publish, distribute,  disclose or transmit this software or
# the related documents without Intel's prior written permission.
#
# This software and the related documents  are provided as  is,  with no express
# or implied  warranties,  other  than those  that are  expressly stated  in the
# License.
#===============================================================================

DFT = \
dp_plan_dft \
dp_plan_dft_1d \
dp_plan_dft_2d \
dp_plan_dft_3d \
dp_plan_dft_c2r \
dp_plan_dft_c2r_1d \
dp_plan_dft_c2r_2d \
dp_plan_dft_c2r_3d \
dp_plan_dft_r2c \
dp_plan_dft_r2c_1d \
dp_plan_dft_r2c_2d \
dp_plan_dft_r2c_3d \
dp_plan_guru_dft \
dp_plan_guru_dft_c2r \
dp_plan_guru_dft_r2c \
dp_plan_guru_split_dft \
dp_plan_many_dft \
dp_plan_many_dft_c2r \
dp_plan_many_dft_r2c \
dp_plan_r2r_1d \
sp_plan_dft \
sp_plan_dft_1d \
sp_plan_dft_2d \
sp_plan_dft_3d \
sp_plan_dft_c2r \
sp_plan_dft_c2r_1d \
sp_plan_dft_c2r_2d \
sp_plan_dft_c2r_3d \
sp_plan_dft_r2c \
sp_plan_dft_r2c_1d \
sp_plan_dft_r2c_2d \
sp_plan_dft_r2c_3d \
sp_plan_guru_dft \
sp_plan_guru_dft_c2r \
sp_plan_guru_dft_r2c \
sp_plan_guru_split_dft \
sp_plan_many_dft \
sp_plan_many_dft_c2r \
sp_plan_many_dft_r2c \
sp_plan_r2r_1d
