#===============================================================================
# Copyright 2018-2020 Intel Corporation.
#
# This software and the related documents are Intel copyrighted  materials,  and
# your use of  them is  governed by the  express license  under which  they were
# provided to you (License).  Unless the License provides otherwise, you may not
# use, modify, copy, publish, distribute,  disclose or transmit this software or
# the related documents without Intel's prior written permission.
#
# This software and the related documents  are provided as  is,  with no express
# or implied  warranties,  other  than those  that are  expressly stated  in the
# License.
#===============================================================================

# To be a list of domains names. Each domain adds their domain name in the 
# <domain>/domain.lst which are included here. To support linux, mac and win 
# makefiles we don't use domains_list += spblas, for example in spblas/spblas.lst
# to add spblas domain to the list, but rather domains_list := $(domains_list) spblas.

domains_list :=


# Include each domain's specific lists of functions and add domain name to domains_list.
-include blas/blas.lst
-include spblas/spblas.lst
-include lapack/lapack.lst
-include rng/rng.lst
-include dft/dft.lst
-include vml/vml.lst
-include stats/stats.lst

# expand all specific domain lists into full list of functions
list_all  := $(foreach domain,$(domains_list),$($(domain)_all))
list_cpu  := $(foreach domain,$(domains_list),$($(domain)_cpu))
list_gpu  := $(foreach domain,$(domains_list),$($(domain)_gpu))
list_host := $(list_cpu)

