#===============================================================================
# Copyright 2010-2020 Intel Corporation.
#
# This software and the related documents are Intel copyrighted  materials,  and
# your use of  them is  governed by the  express license  under which  they were
# provided to you (License).  Unless the License provides otherwise, you may not
# use, modify, copy, publish, distribute,  disclose or transmit this software or
# the related documents without Intel's prior written permission.
#
# This software and the related documents  are provided as  is,  with no express
# or implied  warranties,  other  than those  that are  expressly stated  in the
# License.
#===============================================================================

SPBLAS = $(SPBLAS_S) $(SPBLAS_D) $(SPBLAS_C) $(SPBLAS_Z) $(SPBLAS_IE_D) $(SPARSE_QR_D)

SPBLAS_S = cspblas_sbsr cspblas_scoo cspblas_scsc cspblas_scsr sdia sdia_trans sconverters
SPBLAS_D = cspblas_dbsr cspblas_dcoo cspblas_dcsc cspblas_dcsr dconverters sparse_spmm sparse_spmmd
SPBLAS_C = cspblas_cbsr cspblas_ccoo cspblas_ccsc cspblas_ccsr cconverters
SPBLAS_Z = cspblas_zbsr cspblas_zcoo cspblas_zcsc cspblas_zcsr zconverters
SPBLAS_IE_D = solver_cg sparse_bsr sparse_csr sparse_csrmv sparse_trsv sparse_d_update_values
SPARSE_QR_D = sparse_d_qr sparse_d_qr_steps
