#===============================================================================
# Copyright 2005-2020 Intel Corporation.
#
# This software and the related documents are Intel copyrighted  materials,  and
# your use of  them is  governed by the  express license  under which  they were
# provided to you (License).  Unless the License provides otherwise, you may not
# use, modify, copy, publish, distribute,  disclose or transmit this software or
# the related documents without Intel's prior written permission.
#
# This software and the related documents  are provided as  is,  with no express
# or implied  warranties,  other  than those  that are  expressly stated  in the
# License.
#===============================================================================

SRC_F90 = gbsv gels gesv gesvnpi hpev sbevx sygvx \
          gbsvx geev geevab geevx \
          gelss gelsy gesvd gesvxab \
          ggev ggevx ggglm gglse ggsvd gtsv \
          gtsvx hesv hpevx hpgv hpgvx pbsv pbsvx \
          posv posvx ppsv ppsvx ptsv ptsvx \
          sbev sbgv sbgvx spsv spsvx stev \
          stevr stevx syev syevr syevx sygv sysv \
          hetrs2 syconv sytri2 sytri2x sytrs2 \
          tppack tpunpack
