#===============================================================================
# Copyright 2011-2020 Intel Corporation.
#
# This software and the related documents are Intel copyrighted  materials,  and
# your use of  them is  governed by the  express license  under which  they were
# provided to you (License).  Unless the License provides otherwise, you may not
# use, modify, copy, publish, distribute,  disclose or transmit this software or
# the related documents without Intel's prior written permission.
#
# This software and the related documents  are provided as  is,  with no express
# or implied  warranties,  other  than those  that are  expressly stated  in the
# License.
#===============================================================================

DF =                                                                           \
      dfdakimacubicspline    dfdfifthorderspline_interp  dfdquadraticspline    \
      dfsbinsearch           dfslinearspline             dfssubbotinquadspline \
      dfdbesselcubicspline   dfdhermitecubicspline       dfdstepwise_interp    \
      dfscubicsplineint2der  dfslookup_interp            dfdbinsearch          \
      dfdlinearspline        dfdsubbotinquadspline       dfscubicspline_interp \
      dfsnaturalcubicspline  dfdcubicsplineint2der       dfdlookup_interp      \
      dfsakimacubicspline    dfsfifthorderspline_interp  dfsquadraticspline    \
      dfdcubicspline_interp  dfdnaturalcubicspline       dfsbesselcubicspline  \
      dfshermitecubicspline  dfsstepwise_interp          dfdquerytaskstructure \
      dfsquerytaskstructure  dfdinterpusercells          dfsinterpusercells    \
      dfdhymancubic          dfshymancubic
