#===============================================================================
# Copyright 2012-2020 Intel Corporation.
#
# This software and the related documents are Intel copyrighted  materials,  and
# your use of  them is  governed by the  express license  under which  they were
# provided to you (License).  Unless the License provides otherwise, you may not
# use, modify, copy, publish, distribute,  disclose or transmit this software or
# the related documents without Intel's prior written permission.
#
# This software and the related documents  are provided as  is,  with no express
# or implied  warranties,  other  than those  that are  expressly stated  in the
# License.
#===============================================================================

SOLVERS_EE_SPARSE = cexample_sparse_f dexample_sparse_f sexample_sparse_f zexample_sparse_f 
SOLVERS_EE_DENSE = cexample_dense_f dexample_dense_f sexample_dense_f zexample_dense_f
SOLVERS_EE_BANDED = cexample_banded_f dexample_banded_f sexample_banded_f zexample_banded_f
SOLVERS_EXTREMAL_EV = dexample_largest_eig_f sexample_largest_eig_f

SOLVERS_EE_F = $(SOLVERS_EE_SPARSE) $(SOLVERS_EE_DENSE) $(SOLVERS_EE_BANDED) 
SOLVERS_EE_F90 = $(SOLVERS_EXTREMAL_EV)

SOLVERS_EE = $(SOLVERS_EE_F) $(SOLVERS_EE_F90)
