#===============================================================================
# Copyright 2019-2020 Intel Corporation.
#
# This software and the related documents are Intel copyrighted  materials,  and
# your use of  them is  governed by the  express license  under which  they were
# provided to you (License).  Unless the License provides otherwise, you may not
# use, modify, copy, publish, distribute,  disclose or transmit this software or
# the related documents without Intel's prior written permission.
#
# This software and the related documents  are provided as  is,  with no express
# or implied  warranties,  other  than those  that are  expressly stated  in the
# License.
#===============================================================================

# add dft domain to domains_list variable
domains_list := $(domains_list) dft

# main list of functions in this domain, use format
# <domain-folder-name>/<function_name_without_extension>
dft := \
dft/sp_complex_1d \
dft/sp_complex_1d_async \
dft/dp_complex_1d \
dft/dp_complex_1d_async \
dft/sp_complex_1d_batch \
dft/dp_complex_1d_batch \
dft/sp_complex_1d_batch_outofplace \
dft/dp_complex_1d_batch_outofplace \
dft/sp_complex_1d_outofplace \
dft/dp_complex_1d_outofplace \
dft/sp_complex_2d \
dft/sp_complex_2d_batch \
dft/sp_complex_2d_async \
dft/dp_complex_2d \
dft/dp_complex_2d_batch \
dft/dp_complex_2d_async \
dft/sp_complex_3d \
dft/dp_complex_3d \
dft/sp_complex_3d_batch \
dft/dp_complex_3d_batch \
dft/sp_real_1d_outofplace \
dft/sp_real_1d_outofplace_async \
dft/dp_real_1d_outofplace \
dft/dp_real_1d_outofplace_async \
dft/sp_real_2d_outofplace \
dft/sp_real_2d_outofplace_async \
dft/dp_real_2d_outofplace \
dft/dp_real_2d_outofplace_async
