#===============================================================================
# Copyright 2010-2020 Intel Corporation.
#
# This software and the related documents are Intel copyrighted  materials,  and
# your use of  them is  governed by the  express license  under which  they were
# provided to you (License).  Unless the License provides otherwise, you may not
# use, modify, copy, publish, distribute,  disclose or transmit this software or
# the related documents without Intel's prior written permission.
#
# This software and the related documents  are provided as  is,  with no express
# or implied  warranties,  other  than those  that are  expressly stated  in the
# License.
#===============================================================================

PBLAS = $(SINGLE) $(DOUBLE)

SINGLE =	pblas1_s_example \
			pblas2_s_example \
			pblas3_s_example

DOUBLE =	pblas1_d_example \
			pblas2_d_example \
			pblas3_d_example
